{"/home/leonardo/Workspace/tdd/src/array/arrayBasics.js": {"path":"/home/leonardo/Workspace/tdd/src/array/arrayBasics.js","statementMap":{"0":{"start":{"line":2,"column":2},"end":{"line":2,"column":25}},"1":{"start":{"line":6,"column":2},"end":{"line":6,"column":66}},"2":{"start":{"line":6,"column":37},"end":{"line":6,"column":63}},"3":{"start":{"line":10,"column":17},"end":{"line":10,"column":28}},"4":{"start":{"line":11,"column":2},"end":{"line":11,"column":18}},"5":{"start":{"line":15,"column":2},"end":{"line":15,"column":37}},"6":{"start":{"line":15,"column":29},"end":{"line":15,"column":35}}},"fnMap":{"0":{"name":"basicReverse","decl":{"start":{"line":1,"column":16},"end":{"line":1,"column":28}},"loc":{"start":{"line":1,"column":36},"end":{"line":3,"column":1}},"line":1},"1":{"name":"basicMapOfObjects","decl":{"start":{"line":5,"column":16},"end":{"line":5,"column":33}},"loc":{"start":{"line":5,"column":41},"end":{"line":7,"column":1}},"line":5},"2":{"name":"(anonymous_2)","decl":{"start":{"line":6,"column":19},"end":{"line":6,"column":20}},"loc":{"start":{"line":6,"column":37},"end":{"line":6,"column":63}},"line":6},"3":{"name":"popInNewArray","decl":{"start":{"line":9,"column":16},"end":{"line":9,"column":29}},"loc":{"start":{"line":9,"column":37},"end":{"line":12,"column":1}},"line":9},"4":{"name":"toMatrix","decl":{"start":{"line":14,"column":16},"end":{"line":14,"column":24}},"loc":{"start":{"line":14,"column":32},"end":{"line":16,"column":1}},"line":14},"5":{"name":"(anonymous_5)","decl":{"start":{"line":15,"column":19},"end":{"line":15,"column":20}},"loc":{"start":{"line":15,"column":29},"end":{"line":15,"column":35}},"line":15}},"branchMap":{},"s":{"0":1,"1":1,"2":2,"3":1,"4":1,"5":1,"6":2},"f":{"0":1,"1":1,"2":2,"3":1,"4":1,"5":2},"b":{},"_coverageSchema":"1a1c01bbd47fc00a2c39e90264f33305004495a9","hash":"82c15664ba04a073acf64ad766f051d603196c9d"}
,"/home/leonardo/Workspace/tdd/src/basicOperations/basic.js": {"path":"/home/leonardo/Workspace/tdd/src/basicOperations/basic.js","statementMap":{"0":{"start":{"line":2,"column":2},"end":{"line":2,"column":15}},"1":{"start":{"line":6,"column":2},"end":{"line":6,"column":15}},"2":{"start":{"line":10,"column":2},"end":{"line":10,"column":15}},"3":{"start":{"line":14,"column":2},"end":{"line":14,"column":15}},"4":{"start":{"line":18,"column":12},"end":{"line":18,"column":13}},"5":{"start":{"line":19,"column":2},"end":{"line":19,"column":8}},"6":{"start":{"line":21,"column":2},"end":{"line":21,"column":13}},"7":{"start":{"line":25,"column":12},"end":{"line":25,"column":13}},"8":{"start":{"line":26,"column":2},"end":{"line":26,"column":8}},"9":{"start":{"line":28,"column":2},"end":{"line":28,"column":13}},"10":{"start":{"line":32,"column":2},"end":{"line":32,"column":15}}},"fnMap":{"0":{"name":"sum","decl":{"start":{"line":1,"column":16},"end":{"line":1,"column":19}},"loc":{"start":{"line":1,"column":26},"end":{"line":3,"column":1}},"line":1},"1":{"name":"subtract","decl":{"start":{"line":5,"column":16},"end":{"line":5,"column":24}},"loc":{"start":{"line":5,"column":31},"end":{"line":7,"column":1}},"line":5},"2":{"name":"multiply","decl":{"start":{"line":9,"column":16},"end":{"line":9,"column":24}},"loc":{"start":{"line":9,"column":31},"end":{"line":11,"column":1}},"line":9},"3":{"name":"divide","decl":{"start":{"line":13,"column":16},"end":{"line":13,"column":22}},"loc":{"start":{"line":13,"column":29},"end":{"line":15,"column":1}},"line":13},"4":{"name":"increase","decl":{"start":{"line":17,"column":16},"end":{"line":17,"column":24}},"loc":{"start":{"line":17,"column":28},"end":{"line":22,"column":1}},"line":17},"5":{"name":"decrease","decl":{"start":{"line":24,"column":16},"end":{"line":24,"column":24}},"loc":{"start":{"line":24,"column":28},"end":{"line":29,"column":1}},"line":24},"6":{"name":"modulus","decl":{"start":{"line":31,"column":16},"end":{"line":31,"column":23}},"loc":{"start":{"line":31,"column":30},"end":{"line":33,"column":1}},"line":31}},"branchMap":{},"s":{"0":1,"1":1,"2":1,"3":1,"4":1,"5":1,"6":1,"7":1,"8":1,"9":1,"10":1},"f":{"0":1,"1":1,"2":1,"3":1,"4":1,"5":1,"6":1},"b":{},"_coverageSchema":"1a1c01bbd47fc00a2c39e90264f33305004495a9","hash":"d9b644616d410351ce5c117f7ac121e6f8e7754d"}
,"/home/leonardo/Workspace/tdd/src/object/objectBasics.js": {"path":"/home/leonardo/Workspace/tdd/src/object/objectBasics.js","statementMap":{"0":{"start":{"line":2,"column":2},"end":{"line":4,"column":3}},"1":{"start":{"line":3,"column":4},"end":{"line":3,"column":72}},"2":{"start":{"line":6,"column":2},"end":{"line":6,"column":36}}},"fnMap":{"0":{"name":"checkIfHasProperty","decl":{"start":{"line":1,"column":16},"end":{"line":1,"column":34}},"loc":{"start":{"line":1,"column":46},"end":{"line":7,"column":1}},"line":1}},"branchMap":{"0":{"loc":{"start":{"line":2,"column":2},"end":{"line":4,"column":3}},"type":"if","locations":[{"start":{"line":2,"column":2},"end":{"line":4,"column":3}},{"start":{"line":2,"column":2},"end":{"line":4,"column":3}}],"line":2}},"s":{"0":2,"1":1,"2":1},"f":{"0":2},"b":{"0":[1,1]},"_coverageSchema":"1a1c01bbd47fc00a2c39e90264f33305004495a9","hash":"fcbef4ba3061543068664524af6a1391babf2224"}
,"/home/leonardo/Workspace/tdd/src/timeout/timeout.js": {"path":"/home/leonardo/Workspace/tdd/src/timeout/timeout.js","statementMap":{"0":{"start":{"line":2,"column":2},"end":{"line":2,"column":33}},"1":{"start":{"line":2,"column":19},"end":{"line":2,"column":25}}},"fnMap":{"0":{"name":"delay","decl":{"start":{"line":1,"column":16},"end":{"line":1,"column":21}},"loc":{"start":{"line":1,"column":34},"end":{"line":3,"column":1}},"line":1},"1":{"name":"(anonymous_1)","decl":{"start":{"line":2,"column":13},"end":{"line":2,"column":14}},"loc":{"start":{"line":2,"column":19},"end":{"line":2,"column":25}},"line":2}},"branchMap":{},"s":{"0":1,"1":1},"f":{"0":1,"1":1},"b":{},"_coverageSchema":"1a1c01bbd47fc00a2c39e90264f33305004495a9","hash":"85833569ee1a53b6689ed4d845469dc8b589c288"}
}
