{"/home/leonardo/Workspace/tdd/src/array/arrayBasics.js": {"path":"/home/leonardo/Workspace/tdd/src/array/arrayBasics.js","statementMap":{"0":{"start":{"line":2,"column":2},"end":{"line":2,"column":25}},"1":{"start":{"line":6,"column":2},"end":{"line":6,"column":66}},"2":{"start":{"line":6,"column":37},"end":{"line":6,"column":63}}},"fnMap":{"0":{"name":"basicReverse","decl":{"start":{"line":1,"column":16},"end":{"line":1,"column":28}},"loc":{"start":{"line":1,"column":36},"end":{"line":3,"column":1}},"line":1},"1":{"name":"basicMapOfObjects","decl":{"start":{"line":5,"column":16},"end":{"line":5,"column":33}},"loc":{"start":{"line":5,"column":41},"end":{"line":7,"column":1}},"line":5},"2":{"name":"(anonymous_2)","decl":{"start":{"line":6,"column":19},"end":{"line":6,"column":20}},"loc":{"start":{"line":6,"column":37},"end":{"line":6,"column":63}},"line":6}},"branchMap":{},"s":{"0":1,"1":1,"2":2},"f":{"0":1,"1":1,"2":2},"b":{},"_coverageSchema":"1a1c01bbd47fc00a2c39e90264f33305004495a9","hash":"7bd93f072544b5a8fb19571cd36b221067dbb1dc"}
,"/home/leonardo/Workspace/tdd/src/basicOperations/basic.js": {"path":"/home/leonardo/Workspace/tdd/src/basicOperations/basic.js","statementMap":{"0":{"start":{"line":2,"column":2},"end":{"line":2,"column":15}},"1":{"start":{"line":6,"column":2},"end":{"line":6,"column":15}},"2":{"start":{"line":10,"column":2},"end":{"line":10,"column":15}},"3":{"start":{"line":14,"column":2},"end":{"line":14,"column":15}}},"fnMap":{"0":{"name":"sum","decl":{"start":{"line":1,"column":16},"end":{"line":1,"column":19}},"loc":{"start":{"line":1,"column":26},"end":{"line":3,"column":1}},"line":1},"1":{"name":"subtract","decl":{"start":{"line":5,"column":16},"end":{"line":5,"column":24}},"loc":{"start":{"line":5,"column":31},"end":{"line":7,"column":1}},"line":5},"2":{"name":"multiplicate","decl":{"start":{"line":9,"column":16},"end":{"line":9,"column":28}},"loc":{"start":{"line":9,"column":35},"end":{"line":11,"column":1}},"line":9},"3":{"name":"divide","decl":{"start":{"line":13,"column":16},"end":{"line":13,"column":22}},"loc":{"start":{"line":13,"column":29},"end":{"line":15,"column":1}},"line":13}},"branchMap":{},"s":{"0":1,"1":1,"2":1,"3":1},"f":{"0":1,"1":1,"2":1,"3":1},"b":{},"_coverageSchema":"1a1c01bbd47fc00a2c39e90264f33305004495a9","hash":"9a4ded03c422ed522df17ef46c6389750f2cda6b"}
,"/home/leonardo/Workspace/tdd/src/object/objectBasics.js": {"path":"/home/leonardo/Workspace/tdd/src/object/objectBasics.js","statementMap":{"0":{"start":{"line":2,"column":2},"end":{"line":4,"column":3}},"1":{"start":{"line":3,"column":4},"end":{"line":3,"column":72}},"2":{"start":{"line":6,"column":2},"end":{"line":6,"column":36}}},"fnMap":{"0":{"name":"checkIfHasProperty","decl":{"start":{"line":1,"column":16},"end":{"line":1,"column":34}},"loc":{"start":{"line":1,"column":46},"end":{"line":7,"column":1}},"line":1}},"branchMap":{"0":{"loc":{"start":{"line":2,"column":2},"end":{"line":4,"column":3}},"type":"if","locations":[{"start":{"line":2,"column":2},"end":{"line":4,"column":3}},{"start":{"line":2,"column":2},"end":{"line":4,"column":3}}],"line":2}},"s":{"0":2,"1":1,"2":1},"f":{"0":2},"b":{"0":[1,1]},"_coverageSchema":"1a1c01bbd47fc00a2c39e90264f33305004495a9","hash":"fcbef4ba3061543068664524af6a1391babf2224"}
,"/home/leonardo/Workspace/tdd/src/timeout/timeout.js": {"path":"/home/leonardo/Workspace/tdd/src/timeout/timeout.js","statementMap":{"0":{"start":{"line":2,"column":2},"end":{"line":2,"column":33}},"1":{"start":{"line":2,"column":19},"end":{"line":2,"column":25}}},"fnMap":{"0":{"name":"delay","decl":{"start":{"line":1,"column":16},"end":{"line":1,"column":21}},"loc":{"start":{"line":1,"column":34},"end":{"line":3,"column":1}},"line":1},"1":{"name":"(anonymous_1)","decl":{"start":{"line":2,"column":13},"end":{"line":2,"column":14}},"loc":{"start":{"line":2,"column":19},"end":{"line":2,"column":25}},"line":2}},"branchMap":{},"s":{"0":1,"1":1},"f":{"0":1,"1":1},"b":{},"_coverageSchema":"1a1c01bbd47fc00a2c39e90264f33305004495a9","hash":"85833569ee1a53b6689ed4d845469dc8b589c288"}
}
