TN:
SF:src/array/arrayBasics.js
FN:1,basicReverse
FN:5,basicMapOfObjects
FN:6,(anonymous_2)
FNF:3
FNH:3
FNDA:1,basicReverse
FNDA:1,basicMapOfObjects
FNDA:2,(anonymous_2)
DA:2,1
DA:6,2
LF:2
LH:2
BRF:0
BRH:0
end_of_record
TN:
SF:src/basicOperations/basic.js
FN:1,sum
FN:5,subtract
FN:9,multiply
FN:13,divide
FN:17,increase
FN:24,decrease
FN:31,modulus
FNF:7
FNH:7
FNDA:1,sum
FNDA:1,subtract
FNDA:1,multiply
FNDA:1,divide
FNDA:1,increase
FNDA:1,decrease
FNDA:1,modulus
DA:2,1
DA:6,1
DA:10,1
DA:14,1
DA:18,1
DA:19,1
DA:21,1
DA:25,1
DA:26,1
DA:28,1
DA:32,1
LF:11
LH:11
BRF:0
BRH:0
end_of_record
TN:
SF:src/object/objectBasics.js
FN:1,checkIfHasProperty
FNF:1
FNH:1
FNDA:2,checkIfHasProperty
DA:2,2
DA:3,1
DA:6,1
LF:3
LH:3
BRDA:2,0,0,1
BRDA:2,0,1,1
BRF:2
BRH:2
end_of_record
TN:
SF:src/timeout/timeout.js
FN:1,delay
FN:2,(anonymous_1)
FNF:2
FNH:2
FNDA:1,delay
FNDA:1,(anonymous_1)
DA:2,1
LF:1
LH:1
BRF:0
BRH:0
end_of_record
